*** thread 0 looped 0 times, priority=9
*** thread 1 looped 0 times, priority=1
*** thread 2 looped 0 times, priority=2
*** thread 1 looped 1 times, priority=1
*** thread 2 looped 1 times, priority=2
*** thread 1 looped 2 times, priority=1
*** thread 2 looped 2 times, priority=2
*** thread 1 looped 3 times, priority=1
*** thread 2 looped 3 times, priority=2
*** thread 1 looped 4 times, priority=1
*** thread 2 looped 4 times, priority=2
*** thread 3 looped 0 times, priority=3
*** thread 0 looped 1 times, priority=9
*** thread 3 looped 1 times, priority=3
*** thread 0 looped 2 times, priority=9
*** thread 3 looped 2 times, priority=3
*** thread 0 looped 3 times, priority=9
*** thread 3 looped 3 times, priority=3
*** thread 0 looped 4 times, priority=9
*** thread 3 looped 4 times, priority=3
page table dump: 11 pages in total
============================================
	VirtPage, 	PhysPage
	0,	0
	1,	1
	2,	2
	3,	3
	4,	4
	5,	5
	6,	6
	7,	7
	8,	8
	9,	9
	10,	10
============================================

==================================
PrintInt:12345
==================================
Exec(../test/halt2.noff):
page table dump: 11 pages in total
============================================
	VirtPage, 	PhysPage
	0,	11
	1,	12
	2,	13
	3,	14
	4,	15
	5,	16
	6,	17
	7,	18
	8,	19
	9,	20
	10,	21
============================================

==================================
PrintInt:67890
==================================
Machine halting!

Ticks: total 328, idle 0, system 290, user 38
Disk I/O: reads 0, writes 0
Console I/O: reads 0, writes 0
Paging: faults 0,write back: 0
Network I/O: packets received 0, sent 0

Cleaning up...
